<?xml version="1.0" encoding="UTF-8"?>
<testng-results ignored="0" total="1" passed="0" failed="1" skipped="0">
  <reporter-output>
  </reporter-output>
  <suite started-at="2022-10-31T08:53:34 IST" name="Default suite" finished-at="2022-10-31T08:54:00 IST" duration-ms="25287">
    <groups>
    </groups>
    <test started-at="2022-10-31T08:53:34 IST" name="Default test" finished-at="2022-10-31T08:54:00 IST" duration-ms="25287">
      <class name="sampleScripts.POMExample">
        <test-method is-config="true" signature="dbConfig()[pri:0, instance:sampleScripts.POMExample@5fbdfdcf]" started-at="2022-10-31T08:53:34 IST" name="dbConfig" finished-at="2022-10-31T08:53:34 IST" duration-ms="13" status="PASS">
          <reporter-output>
          </reporter-output>
        </test-method> <!-- dbConfig -->
        <test-method is-config="true" signature="launchBrowser()[pri:0, instance:sampleScripts.POMExample@5fbdfdcf]" started-at="2022-10-31T08:53:34 IST" name="launchBrowser" finished-at="2022-10-31T08:53:37 IST" duration-ms="2531" status="PASS">
          <reporter-output>
          </reporter-output>
        </test-method> <!-- launchBrowser -->
        <test-method is-config="true" signature="loginToApp()[pri:0, instance:sampleScripts.POMExample@5fbdfdcf]" started-at="2022-10-31T08:53:37 IST" name="loginToApp" finished-at="2022-10-31T08:53:39 IST" duration-ms="1640" status="PASS">
          <reporter-output>
          </reporter-output>
        </test-method> <!-- loginToApp -->
        <test-method signature="loginToFacebookApp()[pri:0, instance:sampleScripts.POMExample@5fbdfdcf]" started-at="2022-10-31T08:53:39 IST" name="loginToFacebookApp" finished-at="2022-10-31T08:53:59 IST" duration-ms="20230" status="FAIL">
          <exception class="org.openqa.selenium.NoSuchElementException">
            <message>
              <![CDATA[Cannot locate an element using By.all({By.id: loginbutton,By.name: logi})
For documentation on this error, please visit: https://selenium.dev/exceptions/#no_such_element
Build info: version: '4.4.0', revision: 'e5c75ed026a'
System info: host: 'TYC1221031', ip: '192.168.43.247', os.name: 'Windows 10', os.arch: 'amd64', os.version: '10.0', java.version: '16.0.1'
Driver info: driver.version: RemoteWebDriver]]>
            </message>
            <full-stacktrace>
              <![CDATA[org.openqa.selenium.NoSuchElementException: Cannot locate an element using By.all({By.id: loginbutton,By.name: logi})
For documentation on this error, please visit: https://selenium.dev/exceptions/#no_such_element
Build info: version: '4.4.0', revision: 'e5c75ed026a'
System info: host: 'TYC1221031', ip: '192.168.43.247', os.name: 'Windows 10', os.arch: 'amd64', os.version: '10.0', java.version: '16.0.1'
Driver info: driver.version: RemoteWebDriver
at org.openqa.selenium.support.pagefactory.ByAll.findElement(ByAll.java:58)
at org.openqa.selenium.remote.ElementLocation$ElementFinder$1.findElement(ElementLocation.java:136)
at org.openqa.selenium.remote.ElementLocation.findElement(ElementLocation.java:80)
at org.openqa.selenium.remote.RemoteWebDriver.findElement(RemoteWebDriver.java:365)
at org.openqa.selenium.remote.RemoteWebDriver.findElement(RemoteWebDriver.java:357)
at org.openqa.selenium.support.pagefactory.DefaultElementLocator.findElement(DefaultElementLocator.java:70)
at org.openqa.selenium.support.pagefactory.internal.LocatingElementHandler.invoke(LocatingElementHandler.java:39)
at jdk.proxy2/jdk.proxy2.$Proxy20.click(Unknown Source)
at ObjectRepository.LoginPage.lgn(LoginPage.java:36)
at sampleScripts.POMExample.loginToFacebookApp(POMExample.java:15)
at java.base/jdk.internal.reflect.NativeMethodAccessorImpl.invoke0(Native Method)
at java.base/jdk.internal.reflect.NativeMethodAccessorImpl.invoke(NativeMethodAccessorImpl.java:78)
at java.base/jdk.internal.reflect.DelegatingMethodAccessorImpl.invoke(DelegatingMethodAccessorImpl.java:43)
at java.base/java.lang.reflect.Method.invoke(Method.java:567)
at org.testng.internal.MethodInvocationHelper.invokeMethod(MethodInvocationHelper.java:134)
at org.testng.internal.TestInvoker.invokeMethod(TestInvoker.java:597)
at org.testng.internal.TestInvoker.invokeTestMethod(TestInvoker.java:173)
at org.testng.internal.MethodRunner.runInSequence(MethodRunner.java:46)
at org.testng.internal.TestInvoker$MethodInvocationAgent.invoke(TestInvoker.java:816)
at org.testng.internal.TestInvoker.invokeTestMethods(TestInvoker.java:146)
at org.testng.internal.TestMethodWorker.invokeTestMethods(TestMethodWorker.java:146)
at org.testng.internal.TestMethodWorker.run(TestMethodWorker.java:128)
at java.base/java.util.ArrayList.forEach(ArrayList.java:1511)
at org.testng.TestRunner.privateRun(TestRunner.java:766)
at org.testng.TestRunner.run(TestRunner.java:587)
at org.testng.SuiteRunner.runTest(SuiteRunner.java:384)
at org.testng.SuiteRunner.runSequentially(SuiteRunner.java:378)
at org.testng.SuiteRunner.privateRun(SuiteRunner.java:337)
at org.testng.SuiteRunner.run(SuiteRunner.java:286)
at org.testng.SuiteRunnerWorker.runSuite(SuiteRunnerWorker.java:53)
at org.testng.SuiteRunnerWorker.run(SuiteRunnerWorker.java:96)
at org.testng.TestNG.runSuitesSequentially(TestNG.java:1187)
at org.testng.TestNG.runSuitesLocally(TestNG.java:1109)
at org.testng.TestNG.runSuites(TestNG.java:1039)
at org.testng.TestNG.run(TestNG.java:1007)
at org.testng.remote.AbstractRemoteTestNG.run(AbstractRemoteTestNG.java:115)
at org.testng.remote.RemoteTestNG.initAndRun(RemoteTestNG.java:251)
at org.testng.remote.RemoteTestNG.main(RemoteTestNG.java:77)
]]>
            </full-stacktrace>
          </exception> <!-- org.openqa.selenium.NoSuchElementException -->
          <reporter-output>
          </reporter-output>
        </test-method> <!-- loginToFacebookApp -->
        <test-method is-config="true" signature="logoutFromApp()[pri:0, instance:sampleScripts.POMExample@5fbdfdcf]" started-at="2022-10-31T08:53:59 IST" name="logoutFromApp" finished-at="2022-10-31T08:53:59 IST" duration-ms="0" status="PASS">
          <reporter-output>
          </reporter-output>
        </test-method> <!-- logoutFromApp -->
        <test-method is-config="true" signature="closeBrowser()[pri:0, instance:sampleScripts.POMExample@5fbdfdcf]" started-at="2022-10-31T08:53:59 IST" name="closeBrowser" finished-at="2022-10-31T08:54:00 IST" duration-ms="841" status="PASS">
          <reporter-output>
          </reporter-output>
        </test-method> <!-- closeBrowser -->
        <test-method is-config="true" signature="dbClose()[pri:0, instance:sampleScripts.POMExample@5fbdfdcf]" started-at="2022-10-31T08:54:00 IST" name="dbClose" finished-at="2022-10-31T08:54:00 IST" duration-ms="0" status="PASS">
          <reporter-output>
          </reporter-output>
        </test-method> <!-- dbClose -->
      </class> <!-- sampleScripts.POMExample -->
    </test> <!-- Default test -->
  </suite> <!-- Default suite -->
</testng-results>
