<?xml version="1.0" encoding="UTF-8"?>
<!-- Generated by org.testng.reporters.JUnitXMLReporter -->
<testsuite ignored="0" hostname="TYC1221031" failures="0" tests="5" name="Test" time="79.812" errors="0" timestamp="2022-10-26T08:38:13 IST">
  <testcase classname="sampleScripts.TestNGExample" name="test1" time="4.698"/>
  <testcase classname="sampleScripts.TestNGExample" name="test2" time="7.881"/>
  <testcase classname="sampleScripts.TestNGExample" name="test3" time="53.016"/>
  <testcase classname="sampleScripts.TestNGExample2" name="instagramLogin" time="7.41"/>
  <testcase classname="sampleScripts.TestNGExample2" name="vtiger" time="6.763"/>
</testsuite> <!-- Test -->
